{"/Users/jeremylee/codefellows/401/data-structures-and-algorithms/Data-Structures/stacksAndQueues/stacks-and-queues.js": {"path":"/Users/jeremylee/codefellows/401/data-structures-and-algorithms/Data-Structures/stacksAndQueues/stacks-and-queues.js","statementMap":{"0":{"start":{"line":3,"column":3},"end":{"line":3,"column":22}},"1":{"start":{"line":4,"column":3},"end":{"line":4,"column":20}},"2":{"start":{"line":10,"column":3},"end":{"line":10,"column":20}},"3":{"start":{"line":11,"column":3},"end":{"line":11,"column":20}},"4":{"start":{"line":12,"column":3},"end":{"line":12,"column":17}},"5":{"start":{"line":16,"column":14},"end":{"line":16,"column":29}},"6":{"start":{"line":17,"column":3},"end":{"line":23,"column":4}},"7":{"start":{"line":18,"column":5},"end":{"line":18,"column":22}},"8":{"start":{"line":19,"column":5},"end":{"line":19,"column":22}},"9":{"start":{"line":21,"column":5},"end":{"line":21,"column":27}},"10":{"start":{"line":22,"column":5},"end":{"line":22,"column":22}},"11":{"start":{"line":24,"column":3},"end":{"line":24,"column":15}},"12":{"start":{"line":28,"column":3},"end":{"line":40,"column":4}},"13":{"start":{"line":29,"column":5},"end":{"line":29,"column":17}},"14":{"start":{"line":31,"column":16},"end":{"line":31,"column":25}},"15":{"start":{"line":32,"column":5},"end":{"line":38,"column":6}},"16":{"start":{"line":33,"column":7},"end":{"line":33,"column":24}},"17":{"start":{"line":34,"column":7},"end":{"line":34,"column":24}},"18":{"start":{"line":36,"column":7},"end":{"line":36,"column":24}},"19":{"start":{"line":37,"column":7},"end":{"line":37,"column":24}},"20":{"start":{"line":39,"column":5},"end":{"line":39,"column":17}},"21":{"start":{"line":44,"column":18},"end":{"line":44,"column":35}},"22":{"start":{"line":45,"column":0},"end":{"line":45,"column":23}},"23":{"start":{"line":46,"column":0},"end":{"line":46,"column":24}},"24":{"start":{"line":47,"column":0},"end":{"line":47,"column":23}},"25":{"start":{"line":48,"column":0},"end":{"line":48,"column":22}},"26":{"start":{"line":49,"column":0},"end":{"line":49,"column":25}},"27":{"start":{"line":52,"column":0},"end":{"line":52,"column":29}}},"fnMap":{"0":{"name":"(anonymous_0)","decl":{"start":{"line":2,"column":1},"end":{"line":2,"column":2}},"loc":{"start":{"line":2,"column":20},"end":{"line":5,"column":2}},"line":2},"1":{"name":"(anonymous_1)","decl":{"start":{"line":9,"column":1},"end":{"line":9,"column":2}},"loc":{"start":{"line":9,"column":15},"end":{"line":13,"column":2}},"line":9},"2":{"name":"(anonymous_2)","decl":{"start":{"line":15,"column":1},"end":{"line":15,"column":2}},"loc":{"start":{"line":15,"column":16},"end":{"line":25,"column":2}},"line":15},"3":{"name":"(anonymous_3)","decl":{"start":{"line":27,"column":1},"end":{"line":27,"column":2}},"loc":{"start":{"line":27,"column":11},"end":{"line":41,"column":2}},"line":27}},"branchMap":{"0":{"loc":{"start":{"line":17,"column":3},"end":{"line":23,"column":4}},"type":"if","locations":[{"start":{"line":17,"column":3},"end":{"line":23,"column":4}},{"start":{"line":17,"column":3},"end":{"line":23,"column":4}}],"line":17},"1":{"loc":{"start":{"line":28,"column":3},"end":{"line":40,"column":4}},"type":"if","locations":[{"start":{"line":28,"column":3},"end":{"line":40,"column":4}},{"start":{"line":28,"column":3},"end":{"line":40,"column":4}}],"line":28},"2":{"loc":{"start":{"line":32,"column":5},"end":{"line":38,"column":6}},"type":"if","locations":[{"start":{"line":32,"column":5},"end":{"line":38,"column":6}},{"start":{"line":32,"column":5},"end":{"line":38,"column":6}}],"line":32}},"s":{"0":10,"1":10,"2":3,"3":3,"4":3,"5":10,"6":10,"7":3,"8":3,"9":7,"10":7,"11":10,"12":2,"13":0,"14":2,"15":2,"16":2,"17":2,"18":0,"19":0,"20":2,"21":1,"22":1,"23":1,"24":1,"25":1,"26":1,"27":1},"f":{"0":10,"1":3,"2":10,"3":2},"b":{"0":[3,7],"1":[0,2],"2":[2,0]},"_coverageSchema":"43e27e138ebf9cfc5966b082cf9a028302ed4184","hash":"186afa423f84bc7f00cc16b0641a2aafb2549d99"}
}
