TN:
SF:/Users/jeremylee/codefellows/401/data-structures-and-algorithms/Data-Structures/linked-list/linked-list.js
FN:4,(anonymous_0)
FN:11,(anonymous_1)
FN:17,(anonymous_2)
FN:34,(anonymous_3)
FN:42,(anonymous_4)
FN:57,(anonymous_5)
FN:68,(anonymous_6)
FN:84,(anonymous_7)
FNF:8
FNH:6
FNDA:14,(anonymous_0)
FNDA:3,(anonymous_1)
FNDA:4,(anonymous_2)
FNDA:8,(anonymous_3)
FNDA:0,(anonymous_4)
FNDA:0,(anonymous_5)
FNDA:2,(anonymous_6)
FNDA:1,(anonymous_7)
DA:1,1
DA:5,14
DA:6,14
DA:12,3
DA:13,3
DA:19,4
DA:20,1
DA:21,1
DA:24,3
DA:25,3
DA:26,3
DA:29,3
DA:30,3
DA:35,8
DA:36,8
DA:38,8
DA:39,8
DA:43,0
DA:45,0
DA:46,0
DA:47,0
DA:49,0
DA:52,0
DA:54,0
DA:58,0
DA:59,0
DA:61,0
DA:62,0
DA:63,0
DA:65,0
DA:70,2
DA:71,2
DA:73,2
DA:74,4
DA:75,2
DA:76,2
DA:77,2
DA:78,2
DA:80,2
DA:85,1
DA:86,1
DA:87,1
DA:88,5
DA:89,5
DA:91,1
DA:92,1
DA:93,1
DA:94,2
DA:95,2
DA:96,2
DA:98,1
DA:100,1
DA:105,1
DA:106,1
DA:107,1
DA:108,1
DA:109,1
DA:115,1
DA:116,1
DA:120,1
DA:122,1
LF:61
LH:48
BRDA:19,0,0,1
BRDA:19,0,1,3
BRDA:46,1,0,0
BRDA:46,1,1,0
BRDA:74,2,0,2
BRDA:74,2,1,2
BRDA:96,3,0,1
BRDA:96,3,1,1
BRF:8
BRH:6
end_of_record
