TN:
SF:/Users/jeremylee/codefellows/401/data-structures-and-algorithms/Data-Structures/stacksAndQueues/stacks-and-queues.js
FN:2,(anonymous_0)
FN:9,(anonymous_1)
FN:15,(anonymous_2)
FN:27,(anonymous_3)
FNF:4
FNH:4
FNDA:10,(anonymous_0)
FNDA:3,(anonymous_1)
FNDA:10,(anonymous_2)
FNDA:2,(anonymous_3)
DA:3,10
DA:4,10
DA:10,3
DA:11,3
DA:12,3
DA:16,10
DA:17,10
DA:18,3
DA:19,3
DA:21,7
DA:22,7
DA:24,10
DA:28,2
DA:29,0
DA:31,2
DA:32,2
DA:33,2
DA:34,2
DA:36,0
DA:37,0
DA:39,2
DA:44,1
DA:45,1
DA:46,1
DA:47,1
DA:48,1
DA:49,1
DA:52,1
LF:28
LH:25
BRDA:17,0,0,3
BRDA:17,0,1,7
BRDA:28,1,0,0
BRDA:28,1,1,2
BRDA:32,2,0,2
BRDA:32,2,1,0
BRF:6
BRH:4
end_of_record
